

=== CAUGHT EXCEPTION IN RUN() ===
2025-12-21 18:20:37
Traceback (most recent call last):
  File "/home/jetpackjules/live_trader_v4.py", line 907, in run
    self.print_status()
  File "/home/jetpackjules/live_trader_v4.py", line 924, in print_status
    print(f"Exposure: ${self.get_total_exposure():.2f} / ${self.daily_start_equity * self.strategy.risk_pct:.2f}")
                        ^^^^^^^^^^^^^^^^^^^^^^^^^
  File "/home/jetpackjules/live_trader_v4.py", line 429, in get_total_exposure
    if cache['timestamp'] > self.open_orders_snapshot_ts:
       ~~~~~^^^^^^^^^^^^^
TypeError: tuple indices must be integers or slices, not str


=== UNHANDLED EXCEPTION ===
2025-12-21 18:20:37
Traceback (most recent call last):
  File "/home/jetpackjules/live_trader_v4.py", line 932, in <module>
    trader.run()
  File "/home/jetpackjules/live_trader_v4.py", line 907, in run
    self.print_status()
  File "/home/jetpackjules/live_trader_v4.py", line 924, in print_status
    print(f"Exposure: ${self.get_total_exposure():.2f} / ${self.daily_start_equity * self.strategy.risk_pct:.2f}")
                        ^^^^^^^^^^^^^^^^^^^^^^^^^
  File "/home/jetpackjules/live_trader_v4.py", line 429, in get_total_exposure
    if cache['timestamp'] > self.open_orders_snapshot_ts:
       ~~~~~^^^^^^^^^^^^^
TypeError: tuple indices must be integers or slices, not str


=== CAUGHT EXCEPTION IN RUN() ===
2025-12-21 18:21:44
Traceback (most recent call last):
  File "/home/jetpackjules/live_trader_v4.py", line 907, in run
    self.print_status()
  File "/home/jetpackjules/live_trader_v4.py", line 924, in print_status
    print(f"Exposure: ${self.get_total_exposure():.2f} / ${self.daily_start_equity * self.strategy.risk_pct:.2f}")
                        ^^^^^^^^^^^^^^^^^^^^^^^^^
  File "/home/jetpackjules/live_trader_v4.py", line 429, in get_total_exposure
    if cache['timestamp'] > self.open_orders_snapshot_ts:
       ~~~~~^^^^^^^^^^^^^
TypeError: tuple indices must be integers or slices, not str


=== UNHANDLED EXCEPTION ===
2025-12-21 18:21:44
Traceback (most recent call last):
  File "/home/jetpackjules/live_trader_v4.py", line 932, in <module>
    trader.run()
  File "/home/jetpackjules/live_trader_v4.py", line 907, in run
    self.print_status()
  File "/home/jetpackjules/live_trader_v4.py", line 924, in print_status
    print(f"Exposure: ${self.get_total_exposure():.2f} / ${self.daily_start_equity * self.strategy.risk_pct:.2f}")
                        ^^^^^^^^^^^^^^^^^^^^^^^^^
  File "/home/jetpackjules/live_trader_v4.py", line 429, in get_total_exposure
    if cache['timestamp'] > self.open_orders_snapshot_ts:
       ~~~~~^^^^^^^^^^^^^
TypeError: tuple indices must be integers or slices, not str


=== CAUGHT EXCEPTION IN RUN() ===
2025-12-21 18:22:51
Traceback (most recent call last):
  File "/home/jetpackjules/live_trader_v4.py", line 907, in run
    self.print_status()
  File "/home/jetpackjules/live_trader_v4.py", line 924, in print_status
    print(f"Exposure: ${self.get_total_exposure():.2f} / ${self.daily_start_equity * self.strategy.risk_pct:.2f}")
                        ^^^^^^^^^^^^^^^^^^^^^^^^^
  File "/home/jetpackjules/live_trader_v4.py", line 429, in get_total_exposure
    if cache['timestamp'] > self.open_orders_snapshot_ts:
       ~~~~~^^^^^^^^^^^^^
TypeError: tuple indices must be integers or slices, not str


=== UNHANDLED EXCEPTION ===
2025-12-21 18:22:51
Traceback (most recent call last):
  File "/home/jetpackjules/live_trader_v4.py", line 932, in <module>
    trader.run()
  File "/home/jetpackjules/live_trader_v4.py", line 907, in run
    self.print_status()
  File "/home/jetpackjules/live_trader_v4.py", line 924, in print_status
    print(f"Exposure: ${self.get_total_exposure():.2f} / ${self.daily_start_equity * self.strategy.risk_pct:.2f}")
                        ^^^^^^^^^^^^^^^^^^^^^^^^^
  File "/home/jetpackjules/live_trader_v4.py", line 429, in get_total_exposure
    if cache['timestamp'] > self.open_orders_snapshot_ts:
       ~~~~~^^^^^^^^^^^^^
TypeError: tuple indices must be integers or slices, not str


=== CAUGHT EXCEPTION IN RUN() ===
2026-01-01 17:30:36
Traceback (most recent call last):
  File "/home/jetpackjules/live_trader_v4.py", line 936, in run
    if self.last_reset_date != now.strftime('%Y-%m-%d') and now.hour >= 5:
       ^^^^^^^^^^^^^^^^^^^^
AttributeError: 'LiveTraderV4' object has no attribute 'last_reset_date'


=== UNHANDLED EXCEPTION ===
2026-01-01 17:30:36
Traceback (most recent call last):
  File "/home/jetpackjules/live_trader_v4.py", line 988, in <module>
    trader.run()
  File "/home/jetpackjules/live_trader_v4.py", line 936, in run
    if self.last_reset_date != now.strftime('%Y-%m-%d') and now.hour >= 5:
       ^^^^^^^^^^^^^^^^^^^^
AttributeError: 'LiveTraderV4' object has no attribute 'last_reset_date'


=== CAUGHT EXCEPTION IN RUN() ===
2026-01-01 17:30:43
Traceback (most recent call last):
  File "/home/jetpackjules/live_trader_v4.py", line 936, in run
    if self.last_reset_date != now.strftime('%Y-%m-%d') and now.hour >= 5:
       ^^^^^^^^^^^^^^^^^^^^
AttributeError: 'LiveTraderV4' object has no attribute 'last_reset_date'


=== UNHANDLED EXCEPTION ===
2026-01-01 17:30:43
Traceback (most recent call last):
  File "/home/jetpackjules/live_trader_v4.py", line 988, in <module>
    trader.run()
  File "/home/jetpackjules/live_trader_v4.py", line 936, in run
    if self.last_reset_date != now.strftime('%Y-%m-%d') and now.hour >= 5:
       ^^^^^^^^^^^^^^^^^^^^
AttributeError: 'LiveTraderV4' object has no attribute 'last_reset_date'


=== CAUGHT EXCEPTION IN RUN() ===
2026-01-01 17:30:49
Traceback (most recent call last):
  File "/home/jetpackjules/live_trader_v4.py", line 936, in run
    if self.last_reset_date != now.strftime('%Y-%m-%d') and now.hour >= 5:
       ^^^^^^^^^^^^^^^^^^^^
AttributeError: 'LiveTraderV4' object has no attribute 'last_reset_date'


=== UNHANDLED EXCEPTION ===
2026-01-01 17:30:49
Traceback (most recent call last):
  File "/home/jetpackjules/live_trader_v4.py", line 988, in <module>
    trader.run()
  File "/home/jetpackjules/live_trader_v4.py", line 936, in run
    if self.last_reset_date != now.strftime('%Y-%m-%d') and now.hour >= 5:
       ^^^^^^^^^^^^^^^^^^^^
AttributeError: 'LiveTraderV4' object has no attribute 'last_reset_date'


=== CAUGHT EXCEPTION IN RUN() ===
2026-01-01 17:30:55
Traceback (most recent call last):
  File "/home/jetpackjules/live_trader_v4.py", line 936, in run
    if self.last_reset_date != now.strftime('%Y-%m-%d') and now.hour >= 5:
       ^^^^^^^^^^^^^^^^^^^^
AttributeError: 'LiveTraderV4' object has no attribute 'last_reset_date'


=== UNHANDLED EXCEPTION ===
2026-01-01 17:30:55
Traceback (most recent call last):
  File "/home/jetpackjules/live_trader_v4.py", line 988, in <module>
    trader.run()
  File "/home/jetpackjules/live_trader_v4.py", line 936, in run
    if self.last_reset_date != now.strftime('%Y-%m-%d') and now.hour >= 5:
       ^^^^^^^^^^^^^^^^^^^^
AttributeError: 'LiveTraderV4' object has no attribute 'last_reset_date'


=== CAUGHT EXCEPTION IN RUN() ===
2026-01-01 17:31:01
Traceback (most recent call last):
  File "/home/jetpackjules/live_trader_v4.py", line 936, in run
    if self.last_reset_date != now.strftime('%Y-%m-%d') and now.hour >= 5:
       ^^^^^^^^^^^^^^^^^^^^
AttributeError: 'LiveTraderV4' object has no attribute 'last_reset_date'


=== UNHANDLED EXCEPTION ===
2026-01-01 17:31:01
Traceback (most recent call last):
  File "/home/jetpackjules/live_trader_v4.py", line 988, in <module>
    trader.run()
  File "/home/jetpackjules/live_trader_v4.py", line 936, in run
    if self.last_reset_date != now.strftime('%Y-%m-%d') and now.hour >= 5:
       ^^^^^^^^^^^^^^^^^^^^
AttributeError: 'LiveTraderV4' object has no attribute 'last_reset_date'


=== CAUGHT EXCEPTION IN RUN() ===
2026-01-01 17:31:08
Traceback (most recent call last):
  File "/home/jetpackjules/live_trader_v4.py", line 936, in run
    if self.last_reset_date != now.strftime('%Y-%m-%d') and now.hour >= 5:
       ^^^^^^^^^^^^^^^^^^^^
AttributeError: 'LiveTraderV4' object has no attribute 'last_reset_date'


=== UNHANDLED EXCEPTION ===
2026-01-01 17:31:08
Traceback (most recent call last):
  File "/home/jetpackjules/live_trader_v4.py", line 988, in <module>
    trader.run()
  File "/home/jetpackjules/live_trader_v4.py", line 936, in run
    if self.last_reset_date != now.strftime('%Y-%m-%d') and now.hour >= 5:
       ^^^^^^^^^^^^^^^^^^^^
AttributeError: 'LiveTraderV4' object has no attribute 'last_reset_date'


=== CAUGHT EXCEPTION IN RUN() ===
2026-01-01 17:31:14
Traceback (most recent call last):
  File "/home/jetpackjules/live_trader_v4.py", line 936, in run
    if self.last_reset_date != now.strftime('%Y-%m-%d') and now.hour >= 5:
       ^^^^^^^^^^^^^^^^^^^^
AttributeError: 'LiveTraderV4' object has no attribute 'last_reset_date'


=== UNHANDLED EXCEPTION ===
2026-01-01 17:31:14
Traceback (most recent call last):
  File "/home/jetpackjules/live_trader_v4.py", line 988, in <module>
    trader.run()
  File "/home/jetpackjules/live_trader_v4.py", line 936, in run
    if self.last_reset_date != now.strftime('%Y-%m-%d') and now.hour >= 5:
       ^^^^^^^^^^^^^^^^^^^^
AttributeError: 'LiveTraderV4' object has no attribute 'last_reset_date'


=== CAUGHT EXCEPTION IN RUN() ===
2026-01-01 17:31:20
Traceback (most recent call last):
  File "/home/jetpackjules/live_trader_v4.py", line 936, in run
    if self.last_reset_date != now.strftime('%Y-%m-%d') and now.hour >= 5:
       ^^^^^^^^^^^^^^^^^^^^
AttributeError: 'LiveTraderV4' object has no attribute 'last_reset_date'


=== UNHANDLED EXCEPTION ===
2026-01-01 17:31:20
Traceback (most recent call last):
  File "/home/jetpackjules/live_trader_v4.py", line 988, in <module>
    trader.run()
  File "/home/jetpackjules/live_trader_v4.py", line 936, in run
    if self.last_reset_date != now.strftime('%Y-%m-%d') and now.hour >= 5:
       ^^^^^^^^^^^^^^^^^^^^
AttributeError: 'LiveTraderV4' object has no attribute 'last_reset_date'


=== CAUGHT EXCEPTION IN RUN() ===
2026-01-01 17:31:27
Traceback (most recent call last):
  File "/home/jetpackjules/live_trader_v4.py", line 936, in run
    if self.last_reset_date != now.strftime('%Y-%m-%d') and now.hour >= 5:
       ^^^^^^^^^^^^^^^^^^^^
AttributeError: 'LiveTraderV4' object has no attribute 'last_reset_date'


=== UNHANDLED EXCEPTION ===
2026-01-01 17:31:27
Traceback (most recent call last):
  File "/home/jetpackjules/live_trader_v4.py", line 988, in <module>
    trader.run()
  File "/home/jetpackjules/live_trader_v4.py", line 936, in run
    if self.last_reset_date != now.strftime('%Y-%m-%d') and now.hour >= 5:
       ^^^^^^^^^^^^^^^^^^^^
AttributeError: 'LiveTraderV4' object has no attribute 'last_reset_date'


=== CAUGHT EXCEPTION IN RUN() ===
2026-01-01 17:31:33
Traceback (most recent call last):
  File "/home/jetpackjules/live_trader_v4.py", line 936, in run
    if self.last_reset_date != now.strftime('%Y-%m-%d') and now.hour >= 5:
       ^^^^^^^^^^^^^^^^^^^^
AttributeError: 'LiveTraderV4' object has no attribute 'last_reset_date'


=== UNHANDLED EXCEPTION ===
2026-01-01 17:31:33
Traceback (most recent call last):
  File "/home/jetpackjules/live_trader_v4.py", line 988, in <module>
    trader.run()
  File "/home/jetpackjules/live_trader_v4.py", line 936, in run
    if self.last_reset_date != now.strftime('%Y-%m-%d') and now.hour >= 5:
       ^^^^^^^^^^^^^^^^^^^^
AttributeError: 'LiveTraderV4' object has no attribute 'last_reset_date'


=== CAUGHT EXCEPTION IN RUN() ===
2026-01-01 17:31:39
Traceback (most recent call last):
  File "/home/jetpackjules/live_trader_v4.py", line 936, in run
    if self.last_reset_date != now.strftime('%Y-%m-%d') and now.hour >= 5:
       ^^^^^^^^^^^^^^^^^^^^
AttributeError: 'LiveTraderV4' object has no attribute 'last_reset_date'


=== UNHANDLED EXCEPTION ===
2026-01-01 17:31:39
Traceback (most recent call last):
  File "/home/jetpackjules/live_trader_v4.py", line 988, in <module>
    trader.run()
  File "/home/jetpackjules/live_trader_v4.py", line 936, in run
    if self.last_reset_date != now.strftime('%Y-%m-%d') and now.hour >= 5:
       ^^^^^^^^^^^^^^^^^^^^
AttributeError: 'LiveTraderV4' object has no attribute 'last_reset_date'


=== CAUGHT EXCEPTION IN RUN() ===
2026-01-01 17:31:45
Traceback (most recent call last):
  File "/home/jetpackjules/live_trader_v4.py", line 936, in run
    if self.last_reset_date != now.strftime('%Y-%m-%d') and now.hour >= 5:
       ^^^^^^^^^^^^^^^^^^^^
AttributeError: 'LiveTraderV4' object has no attribute 'last_reset_date'


=== UNHANDLED EXCEPTION ===
2026-01-01 17:31:45
Traceback (most recent call last):
  File "/home/jetpackjules/live_trader_v4.py", line 988, in <module>
    trader.run()
  File "/home/jetpackjules/live_trader_v4.py", line 936, in run
    if self.last_reset_date != now.strftime('%Y-%m-%d') and now.hour >= 5:
       ^^^^^^^^^^^^^^^^^^^^
AttributeError: 'LiveTraderV4' object has no attribute 'last_reset_date'


=== CAUGHT EXCEPTION IN RUN() ===
2026-01-01 17:31:51
Traceback (most recent call last):
  File "/home/jetpackjules/live_trader_v4.py", line 936, in run
    if self.last_reset_date != now.strftime('%Y-%m-%d') and now.hour >= 5:
       ^^^^^^^^^^^^^^^^^^^^
AttributeError: 'LiveTraderV4' object has no attribute 'last_reset_date'


=== UNHANDLED EXCEPTION ===
2026-01-01 17:31:51
Traceback (most recent call last):
  File "/home/jetpackjules/live_trader_v4.py", line 988, in <module>
    trader.run()
  File "/home/jetpackjules/live_trader_v4.py", line 936, in run
    if self.last_reset_date != now.strftime('%Y-%m-%d') and now.hour >= 5:
       ^^^^^^^^^^^^^^^^^^^^
AttributeError: 'LiveTraderV4' object has no attribute 'last_reset_date'


=== CAUGHT EXCEPTION IN RUN() ===
2026-01-01 17:31:57
Traceback (most recent call last):
  File "/home/jetpackjules/live_trader_v4.py", line 936, in run
    if self.last_reset_date != now.strftime('%Y-%m-%d') and now.hour >= 5:
       ^^^^^^^^^^^^^^^^^^^^
AttributeError: 'LiveTraderV4' object has no attribute 'last_reset_date'


=== UNHANDLED EXCEPTION ===
2026-01-01 17:31:57
Traceback (most recent call last):
  File "/home/jetpackjules/live_trader_v4.py", line 988, in <module>
    trader.run()
  File "/home/jetpackjules/live_trader_v4.py", line 936, in run
    if self.last_reset_date != now.strftime('%Y-%m-%d') and now.hour >= 5:
       ^^^^^^^^^^^^^^^^^^^^
AttributeError: 'LiveTraderV4' object has no attribute 'last_reset_date'


=== CAUGHT EXCEPTION IN RUN() ===
2026-01-01 17:32:04
Traceback (most recent call last):
  File "/home/jetpackjules/live_trader_v4.py", line 936, in run
    if self.last_reset_date != now.strftime('%Y-%m-%d') and now.hour >= 5:
       ^^^^^^^^^^^^^^^^^^^^
AttributeError: 'LiveTraderV4' object has no attribute 'last_reset_date'


=== UNHANDLED EXCEPTION ===
2026-01-01 17:32:04
Traceback (most recent call last):
  File "/home/jetpackjules/live_trader_v4.py", line 988, in <module>
    trader.run()
  File "/home/jetpackjules/live_trader_v4.py", line 936, in run
    if self.last_reset_date != now.strftime('%Y-%m-%d') and now.hour >= 5:
       ^^^^^^^^^^^^^^^^^^^^
AttributeError: 'LiveTraderV4' object has no attribute 'last_reset_date'


=== CAUGHT EXCEPTION IN RUN() ===
2026-01-01 17:32:10
Traceback (most recent call last):
  File "/home/jetpackjules/live_trader_v4.py", line 936, in run
    if self.last_reset_date != now.strftime('%Y-%m-%d') and now.hour >= 5:
       ^^^^^^^^^^^^^^^^^^^^
AttributeError: 'LiveTraderV4' object has no attribute 'last_reset_date'


=== UNHANDLED EXCEPTION ===
2026-01-01 17:32:10
Traceback (most recent call last):
  File "/home/jetpackjules/live_trader_v4.py", line 988, in <module>
    trader.run()
  File "/home/jetpackjules/live_trader_v4.py", line 936, in run
    if self.last_reset_date != now.strftime('%Y-%m-%d') and now.hour >= 5:
       ^^^^^^^^^^^^^^^^^^^^
AttributeError: 'LiveTraderV4' object has no attribute 'last_reset_date'


=== CAUGHT EXCEPTION IN RUN() ===
2026-01-01 17:32:16
Traceback (most recent call last):
  File "/home/jetpackjules/live_trader_v4.py", line 936, in run
    if self.last_reset_date != now.strftime('%Y-%m-%d') and now.hour >= 5:
       ^^^^^^^^^^^^^^^^^^^^
AttributeError: 'LiveTraderV4' object has no attribute 'last_reset_date'


=== UNHANDLED EXCEPTION ===
2026-01-01 17:32:16
Traceback (most recent call last):
  File "/home/jetpackjules/live_trader_v4.py", line 988, in <module>
    trader.run()
  File "/home/jetpackjules/live_trader_v4.py", line 936, in run
    if self.last_reset_date != now.strftime('%Y-%m-%d') and now.hour >= 5:
       ^^^^^^^^^^^^^^^^^^^^
AttributeError: 'LiveTraderV4' object has no attribute 'last_reset_date'


=== CAUGHT EXCEPTION IN RUN() ===
2026-01-01 17:32:22
Traceback (most recent call last):
  File "/home/jetpackjules/live_trader_v4.py", line 936, in run
    if self.last_reset_date != now.strftime('%Y-%m-%d') and now.hour >= 5:
       ^^^^^^^^^^^^^^^^^^^^
AttributeError: 'LiveTraderV4' object has no attribute 'last_reset_date'


=== UNHANDLED EXCEPTION ===
2026-01-01 17:32:22
Traceback (most recent call last):
  File "/home/jetpackjules/live_trader_v4.py", line 988, in <module>
    trader.run()
  File "/home/jetpackjules/live_trader_v4.py", line 936, in run
    if self.last_reset_date != now.strftime('%Y-%m-%d') and now.hour >= 5:
       ^^^^^^^^^^^^^^^^^^^^
AttributeError: 'LiveTraderV4' object has no attribute 'last_reset_date'


=== CAUGHT EXCEPTION IN RUN() ===
2026-01-01 17:32:29
Traceback (most recent call last):
  File "/home/jetpackjules/live_trader_v4.py", line 936, in run
    if self.last_reset_date != now.strftime('%Y-%m-%d') and now.hour >= 5:
       ^^^^^^^^^^^^^^^^^^^^
AttributeError: 'LiveTraderV4' object has no attribute 'last_reset_date'


=== UNHANDLED EXCEPTION ===
2026-01-01 17:32:29
Traceback (most recent call last):
  File "/home/jetpackjules/live_trader_v4.py", line 988, in <module>
    trader.run()
  File "/home/jetpackjules/live_trader_v4.py", line 936, in run
    if self.last_reset_date != now.strftime('%Y-%m-%d') and now.hour >= 5:
       ^^^^^^^^^^^^^^^^^^^^
AttributeError: 'LiveTraderV4' object has no attribute 'last_reset_date'


=== CAUGHT EXCEPTION IN RUN() ===
2026-01-01 17:32:35
Traceback (most recent call last):
  File "/home/jetpackjules/live_trader_v4.py", line 936, in run
    if self.last_reset_date != now.strftime('%Y-%m-%d') and now.hour >= 5:
       ^^^^^^^^^^^^^^^^^^^^
AttributeError: 'LiveTraderV4' object has no attribute 'last_reset_date'


=== UNHANDLED EXCEPTION ===
2026-01-01 17:32:35
Traceback (most recent call last):
  File "/home/jetpackjules/live_trader_v4.py", line 988, in <module>
    trader.run()
  File "/home/jetpackjules/live_trader_v4.py", line 936, in run
    if self.last_reset_date != now.strftime('%Y-%m-%d') and now.hour >= 5:
       ^^^^^^^^^^^^^^^^^^^^
AttributeError: 'LiveTraderV4' object has no attribute 'last_reset_date'


=== CAUGHT EXCEPTION IN RUN() ===
2026-01-01 17:32:42
Traceback (most recent call last):
  File "/home/jetpackjules/live_trader_v4.py", line 936, in run
    if self.last_reset_date != now.strftime('%Y-%m-%d') and now.hour >= 5:
       ^^^^^^^^^^^^^^^^^^^^
AttributeError: 'LiveTraderV4' object has no attribute 'last_reset_date'


=== UNHANDLED EXCEPTION ===
2026-01-01 17:32:42
Traceback (most recent call last):
  File "/home/jetpackjules/live_trader_v4.py", line 988, in <module>
    trader.run()
  File "/home/jetpackjules/live_trader_v4.py", line 936, in run
    if self.last_reset_date != now.strftime('%Y-%m-%d') and now.hour >= 5:
       ^^^^^^^^^^^^^^^^^^^^
AttributeError: 'LiveTraderV4' object has no attribute 'last_reset_date'


=== CAUGHT EXCEPTION IN RUN() ===
2026-01-01 17:32:48
Traceback (most recent call last):
  File "/home/jetpackjules/live_trader_v4.py", line 936, in run
    if self.last_reset_date != now.strftime('%Y-%m-%d') and now.hour >= 5:
       ^^^^^^^^^^^^^^^^^^^^
AttributeError: 'LiveTraderV4' object has no attribute 'last_reset_date'


=== UNHANDLED EXCEPTION ===
2026-01-01 17:32:48
Traceback (most recent call last):
  File "/home/jetpackjules/live_trader_v4.py", line 988, in <module>
    trader.run()
  File "/home/jetpackjules/live_trader_v4.py", line 936, in run
    if self.last_reset_date != now.strftime('%Y-%m-%d') and now.hour >= 5:
       ^^^^^^^^^^^^^^^^^^^^
AttributeError: 'LiveTraderV4' object has no attribute 'last_reset_date'


=== CAUGHT EXCEPTION IN RUN() ===
2026-01-01 17:32:54
Traceback (most recent call last):
  File "/home/jetpackjules/live_trader_v4.py", line 936, in run
    if self.last_reset_date != now.strftime('%Y-%m-%d') and now.hour >= 5:
       ^^^^^^^^^^^^^^^^^^^^
AttributeError: 'LiveTraderV4' object has no attribute 'last_reset_date'


=== UNHANDLED EXCEPTION ===
2026-01-01 17:32:54
Traceback (most recent call last):
  File "/home/jetpackjules/live_trader_v4.py", line 988, in <module>
    trader.run()
  File "/home/jetpackjules/live_trader_v4.py", line 936, in run
    if self.last_reset_date != now.strftime('%Y-%m-%d') and now.hour >= 5:
       ^^^^^^^^^^^^^^^^^^^^
AttributeError: 'LiveTraderV4' object has no attribute 'last_reset_date'


=== CAUGHT EXCEPTION IN RUN() ===
2026-01-01 17:33:00
Traceback (most recent call last):
  File "/home/jetpackjules/live_trader_v4.py", line 936, in run
    if self.last_reset_date != now.strftime('%Y-%m-%d') and now.hour >= 5:
       ^^^^^^^^^^^^^^^^^^^^
AttributeError: 'LiveTraderV4' object has no attribute 'last_reset_date'


=== UNHANDLED EXCEPTION ===
2026-01-01 17:33:00
Traceback (most recent call last):
  File "/home/jetpackjules/live_trader_v4.py", line 988, in <module>
    trader.run()
  File "/home/jetpackjules/live_trader_v4.py", line 936, in run
    if self.last_reset_date != now.strftime('%Y-%m-%d') and now.hour >= 5:
       ^^^^^^^^^^^^^^^^^^^^
AttributeError: 'LiveTraderV4' object has no attribute 'last_reset_date'


=== CAUGHT EXCEPTION IN RUN() ===
2026-01-01 17:33:07
Traceback (most recent call last):
  File "/home/jetpackjules/live_trader_v4.py", line 936, in run
    if self.last_reset_date != now.strftime('%Y-%m-%d') and now.hour >= 5:
       ^^^^^^^^^^^^^^^^^^^^
AttributeError: 'LiveTraderV4' object has no attribute 'last_reset_date'


=== UNHANDLED EXCEPTION ===
2026-01-01 17:33:07
Traceback (most recent call last):
  File "/home/jetpackjules/live_trader_v4.py", line 988, in <module>
    trader.run()
  File "/home/jetpackjules/live_trader_v4.py", line 936, in run
    if self.last_reset_date != now.strftime('%Y-%m-%d') and now.hour >= 5:
       ^^^^^^^^^^^^^^^^^^^^
AttributeError: 'LiveTraderV4' object has no attribute 'last_reset_date'


=== CAUGHT EXCEPTION IN RUN() ===
2026-01-01 17:33:13
Traceback (most recent call last):
  File "/home/jetpackjules/live_trader_v4.py", line 936, in run
    if self.last_reset_date != now.strftime('%Y-%m-%d') and now.hour >= 5:
       ^^^^^^^^^^^^^^^^^^^^
AttributeError: 'LiveTraderV4' object has no attribute 'last_reset_date'


=== UNHANDLED EXCEPTION ===
2026-01-01 17:33:13
Traceback (most recent call last):
  File "/home/jetpackjules/live_trader_v4.py", line 988, in <module>
    trader.run()
  File "/home/jetpackjules/live_trader_v4.py", line 936, in run
    if self.last_reset_date != now.strftime('%Y-%m-%d') and now.hour >= 5:
       ^^^^^^^^^^^^^^^^^^^^
AttributeError: 'LiveTraderV4' object has no attribute 'last_reset_date'


=== CAUGHT EXCEPTION IN RUN() ===
2026-01-01 17:33:19
Traceback (most recent call last):
  File "/home/jetpackjules/live_trader_v4.py", line 936, in run
    if self.last_reset_date != now.strftime('%Y-%m-%d') and now.hour >= 5:
       ^^^^^^^^^^^^^^^^^^^^
AttributeError: 'LiveTraderV4' object has no attribute 'last_reset_date'


=== UNHANDLED EXCEPTION ===
2026-01-01 17:33:19
Traceback (most recent call last):
  File "/home/jetpackjules/live_trader_v4.py", line 988, in <module>
    trader.run()
  File "/home/jetpackjules/live_trader_v4.py", line 936, in run
    if self.last_reset_date != now.strftime('%Y-%m-%d') and now.hour >= 5:
       ^^^^^^^^^^^^^^^^^^^^
AttributeError: 'LiveTraderV4' object has no attribute 'last_reset_date'


=== CAUGHT EXCEPTION IN RUN() ===
2026-01-01 17:33:30
Traceback (most recent call last):
  File "/home/jetpackjules/live_trader_v4.py", line 936, in run
    if self.last_reset_date != now.strftime('%Y-%m-%d') and now.hour >= 5:
       ^^^^^^^^^^^^^^^^^^^^
AttributeError: 'LiveTraderV4' object has no attribute 'last_reset_date'


=== UNHANDLED EXCEPTION ===
2026-01-01 17:33:30
Traceback (most recent call last):
  File "/home/jetpackjules/live_trader_v4.py", line 988, in <module>
    trader.run()
  File "/home/jetpackjules/live_trader_v4.py", line 936, in run
    if self.last_reset_date != now.strftime('%Y-%m-%d') and now.hour >= 5:
       ^^^^^^^^^^^^^^^^^^^^
AttributeError: 'LiveTraderV4' object has no attribute 'last_reset_date'


=== CAUGHT EXCEPTION IN RUN() ===
2026-01-01 17:33:37
Traceback (most recent call last):
  File "/home/jetpackjules/live_trader_v4.py", line 936, in run
    if self.last_reset_date != now.strftime('%Y-%m-%d') and now.hour >= 5:
       ^^^^^^^^^^^^^^^^^^^^
AttributeError: 'LiveTraderV4' object has no attribute 'last_reset_date'


=== UNHANDLED EXCEPTION ===
2026-01-01 17:33:37
Traceback (most recent call last):
  File "/home/jetpackjules/live_trader_v4.py", line 988, in <module>
    trader.run()
  File "/home/jetpackjules/live_trader_v4.py", line 936, in run
    if self.last_reset_date != now.strftime('%Y-%m-%d') and now.hour >= 5:
       ^^^^^^^^^^^^^^^^^^^^
AttributeError: 'LiveTraderV4' object has no attribute 'last_reset_date'


=== CAUGHT EXCEPTION IN RUN() ===
2026-01-01 17:33:43
Traceback (most recent call last):
  File "/home/jetpackjules/live_trader_v4.py", line 936, in run
    if self.last_reset_date != now.strftime('%Y-%m-%d') and now.hour >= 5:
       ^^^^^^^^^^^^^^^^^^^^
AttributeError: 'LiveTraderV4' object has no attribute 'last_reset_date'


=== UNHANDLED EXCEPTION ===
2026-01-01 17:33:43
Traceback (most recent call last):
  File "/home/jetpackjules/live_trader_v4.py", line 988, in <module>
    trader.run()
  File "/home/jetpackjules/live_trader_v4.py", line 936, in run
    if self.last_reset_date != now.strftime('%Y-%m-%d') and now.hour >= 5:
       ^^^^^^^^^^^^^^^^^^^^
AttributeError: 'LiveTraderV4' object has no attribute 'last_reset_date'


=== CAUGHT EXCEPTION IN RUN() ===
2026-01-01 17:33:49
Traceback (most recent call last):
  File "/home/jetpackjules/live_trader_v4.py", line 936, in run
    if self.last_reset_date != now.strftime('%Y-%m-%d') and now.hour >= 5:
       ^^^^^^^^^^^^^^^^^^^^
AttributeError: 'LiveTraderV4' object has no attribute 'last_reset_date'


=== UNHANDLED EXCEPTION ===
2026-01-01 17:33:49
Traceback (most recent call last):
  File "/home/jetpackjules/live_trader_v4.py", line 988, in <module>
    trader.run()
  File "/home/jetpackjules/live_trader_v4.py", line 936, in run
    if self.last_reset_date != now.strftime('%Y-%m-%d') and now.hour >= 5:
       ^^^^^^^^^^^^^^^^^^^^
AttributeError: 'LiveTraderV4' object has no attribute 'last_reset_date'


=== CAUGHT EXCEPTION IN RUN() ===
2026-01-01 17:33:55
Traceback (most recent call last):
  File "/home/jetpackjules/live_trader_v4.py", line 936, in run
    if self.last_reset_date != now.strftime('%Y-%m-%d') and now.hour >= 5:
       ^^^^^^^^^^^^^^^^^^^^
AttributeError: 'LiveTraderV4' object has no attribute 'last_reset_date'


=== UNHANDLED EXCEPTION ===
2026-01-01 17:33:55
Traceback (most recent call last):
  File "/home/jetpackjules/live_trader_v4.py", line 988, in <module>
    trader.run()
  File "/home/jetpackjules/live_trader_v4.py", line 936, in run
    if self.last_reset_date != now.strftime('%Y-%m-%d') and now.hour >= 5:
       ^^^^^^^^^^^^^^^^^^^^
AttributeError: 'LiveTraderV4' object has no attribute 'last_reset_date'


=== CAUGHT EXCEPTION IN RUN() ===
2026-01-01 17:34:02
Traceback (most recent call last):
  File "/home/jetpackjules/live_trader_v4.py", line 936, in run
    if self.last_reset_date != now.strftime('%Y-%m-%d') and now.hour >= 5:
       ^^^^^^^^^^^^^^^^^^^^
AttributeError: 'LiveTraderV4' object has no attribute 'last_reset_date'


=== UNHANDLED EXCEPTION ===
2026-01-01 17:34:02
Traceback (most recent call last):
  File "/home/jetpackjules/live_trader_v4.py", line 988, in <module>
    trader.run()
  File "/home/jetpackjules/live_trader_v4.py", line 936, in run
    if self.last_reset_date != now.strftime('%Y-%m-%d') and now.hour >= 5:
       ^^^^^^^^^^^^^^^^^^^^
AttributeError: 'LiveTraderV4' object has no attribute 'last_reset_date'


=== CAUGHT EXCEPTION IN RUN() ===
2026-01-01 17:34:29
Traceback (most recent call last):
  File "/home/jetpackjules/live_trader_v4.py", line 936, in run
    if self.last_reset_date != now.strftime('%Y-%m-%d') and now.hour >= 5:
       ^^^^^^^^^^^^^^^^^^^^
AttributeError: 'LiveTraderV4' object has no attribute 'last_reset_date'


=== UNHANDLED EXCEPTION ===
2026-01-01 17:34:29
Traceback (most recent call last):
  File "/home/jetpackjules/live_trader_v4.py", line 988, in <module>
    trader.run()
  File "/home/jetpackjules/live_trader_v4.py", line 936, in run
    if self.last_reset_date != now.strftime('%Y-%m-%d') and now.hour >= 5:
       ^^^^^^^^^^^^^^^^^^^^
AttributeError: 'LiveTraderV4' object has no attribute 'last_reset_date'


=== CAUGHT EXCEPTION IN RUN() ===
2026-01-01 17:34:35
Traceback (most recent call last):
  File "/home/jetpackjules/live_trader_v4.py", line 936, in run
    if self.last_reset_date != now.strftime('%Y-%m-%d') and now.hour >= 5:
       ^^^^^^^^^^^^^^^^^^^^
AttributeError: 'LiveTraderV4' object has no attribute 'last_reset_date'


=== UNHANDLED EXCEPTION ===
2026-01-01 17:34:35
Traceback (most recent call last):
  File "/home/jetpackjules/live_trader_v4.py", line 988, in <module>
    trader.run()
  File "/home/jetpackjules/live_trader_v4.py", line 936, in run
    if self.last_reset_date != now.strftime('%Y-%m-%d') and now.hour >= 5:
       ^^^^^^^^^^^^^^^^^^^^
AttributeError: 'LiveTraderV4' object has no attribute 'last_reset_date'


=== CAUGHT EXCEPTION IN RUN() ===
2026-01-01 17:34:41
Traceback (most recent call last):
  File "/home/jetpackjules/live_trader_v4.py", line 936, in run
    if self.last_reset_date != now.strftime('%Y-%m-%d') and now.hour >= 5:
       ^^^^^^^^^^^^^^^^^^^^
AttributeError: 'LiveTraderV4' object has no attribute 'last_reset_date'


=== UNHANDLED EXCEPTION ===
2026-01-01 17:34:41
Traceback (most recent call last):
  File "/home/jetpackjules/live_trader_v4.py", line 988, in <module>
    trader.run()
  File "/home/jetpackjules/live_trader_v4.py", line 936, in run
    if self.last_reset_date != now.strftime('%Y-%m-%d') and now.hour >= 5:
       ^^^^^^^^^^^^^^^^^^^^
AttributeError: 'LiveTraderV4' object has no attribute 'last_reset_date'


=== CAUGHT EXCEPTION IN RUN() ===
2026-01-01 17:34:47
Traceback (most recent call last):
  File "/home/jetpackjules/live_trader_v4.py", line 936, in run
    if self.last_reset_date != now.strftime('%Y-%m-%d') and now.hour >= 5:
       ^^^^^^^^^^^^^^^^^^^^
AttributeError: 'LiveTraderV4' object has no attribute 'last_reset_date'


=== UNHANDLED EXCEPTION ===
2026-01-01 17:34:47
Traceback (most recent call last):
  File "/home/jetpackjules/live_trader_v4.py", line 988, in <module>
    trader.run()
  File "/home/jetpackjules/live_trader_v4.py", line 936, in run
    if self.last_reset_date != now.strftime('%Y-%m-%d') and now.hour >= 5:
       ^^^^^^^^^^^^^^^^^^^^
AttributeError: 'LiveTraderV4' object has no attribute 'last_reset_date'


=== CAUGHT EXCEPTION IN RUN() ===
2026-01-01 17:34:53
Traceback (most recent call last):
  File "/home/jetpackjules/live_trader_v4.py", line 936, in run
    if self.last_reset_date != now.strftime('%Y-%m-%d') and now.hour >= 5:
       ^^^^^^^^^^^^^^^^^^^^
AttributeError: 'LiveTraderV4' object has no attribute 'last_reset_date'


=== UNHANDLED EXCEPTION ===
2026-01-01 17:34:53
Traceback (most recent call last):
  File "/home/jetpackjules/live_trader_v4.py", line 988, in <module>
    trader.run()
  File "/home/jetpackjules/live_trader_v4.py", line 936, in run
    if self.last_reset_date != now.strftime('%Y-%m-%d') and now.hour >= 5:
       ^^^^^^^^^^^^^^^^^^^^
AttributeError: 'LiveTraderV4' object has no attribute 'last_reset_date'


=== CAUGHT EXCEPTION IN RUN() ===
2026-01-01 17:34:59
Traceback (most recent call last):
  File "/home/jetpackjules/live_trader_v4.py", line 936, in run
    if self.last_reset_date != now.strftime('%Y-%m-%d') and now.hour >= 5:
       ^^^^^^^^^^^^^^^^^^^^
AttributeError: 'LiveTraderV4' object has no attribute 'last_reset_date'


=== UNHANDLED EXCEPTION ===
2026-01-01 17:34:59
Traceback (most recent call last):
  File "/home/jetpackjules/live_trader_v4.py", line 988, in <module>
    trader.run()
  File "/home/jetpackjules/live_trader_v4.py", line 936, in run
    if self.last_reset_date != now.strftime('%Y-%m-%d') and now.hour >= 5:
       ^^^^^^^^^^^^^^^^^^^^
AttributeError: 'LiveTraderV4' object has no attribute 'last_reset_date'


=== CAUGHT EXCEPTION IN RUN() ===
2026-01-01 17:35:06
Traceback (most recent call last):
  File "/home/jetpackjules/live_trader_v4.py", line 936, in run
    if self.last_reset_date != now.strftime('%Y-%m-%d') and now.hour >= 5:
       ^^^^^^^^^^^^^^^^^^^^
AttributeError: 'LiveTraderV4' object has no attribute 'last_reset_date'


=== UNHANDLED EXCEPTION ===
2026-01-01 17:35:06
Traceback (most recent call last):
  File "/home/jetpackjules/live_trader_v4.py", line 988, in <module>
    trader.run()
  File "/home/jetpackjules/live_trader_v4.py", line 936, in run
    if self.last_reset_date != now.strftime('%Y-%m-%d') and now.hour >= 5:
       ^^^^^^^^^^^^^^^^^^^^
AttributeError: 'LiveTraderV4' object has no attribute 'last_reset_date'


=== CAUGHT EXCEPTION IN RUN() ===
2026-01-01 17:35:12
Traceback (most recent call last):
  File "/home/jetpackjules/live_trader_v4.py", line 936, in run
    if self.last_reset_date != now.strftime('%Y-%m-%d') and now.hour >= 5:
       ^^^^^^^^^^^^^^^^^^^^
AttributeError: 'LiveTraderV4' object has no attribute 'last_reset_date'


=== UNHANDLED EXCEPTION ===
2026-01-01 17:35:12
Traceback (most recent call last):
  File "/home/jetpackjules/live_trader_v4.py", line 988, in <module>
    trader.run()
  File "/home/jetpackjules/live_trader_v4.py", line 936, in run
    if self.last_reset_date != now.strftime('%Y-%m-%d') and now.hour >= 5:
       ^^^^^^^^^^^^^^^^^^^^
AttributeError: 'LiveTraderV4' object has no attribute 'last_reset_date'


=== CAUGHT EXCEPTION IN RUN() ===
2026-01-01 17:35:18
Traceback (most recent call last):
  File "/home/jetpackjules/live_trader_v4.py", line 936, in run
    if self.last_reset_date != now.strftime('%Y-%m-%d') and now.hour >= 5:
       ^^^^^^^^^^^^^^^^^^^^
AttributeError: 'LiveTraderV4' object has no attribute 'last_reset_date'


=== UNHANDLED EXCEPTION ===
2026-01-01 17:35:18
Traceback (most recent call last):
  File "/home/jetpackjules/live_trader_v4.py", line 988, in <module>
    trader.run()
  File "/home/jetpackjules/live_trader_v4.py", line 936, in run
    if self.last_reset_date != now.strftime('%Y-%m-%d') and now.hour >= 5:
       ^^^^^^^^^^^^^^^^^^^^
AttributeError: 'LiveTraderV4' object has no attribute 'last_reset_date'


=== CAUGHT EXCEPTION IN RUN() ===
2026-01-01 17:35:24
Traceback (most recent call last):
  File "/home/jetpackjules/live_trader_v4.py", line 936, in run
    if self.last_reset_date != now.strftime('%Y-%m-%d') and now.hour >= 5:
       ^^^^^^^^^^^^^^^^^^^^
AttributeError: 'LiveTraderV4' object has no attribute 'last_reset_date'


=== UNHANDLED EXCEPTION ===
2026-01-01 17:35:24
Traceback (most recent call last):
  File "/home/jetpackjules/live_trader_v4.py", line 988, in <module>
    trader.run()
  File "/home/jetpackjules/live_trader_v4.py", line 936, in run
    if self.last_reset_date != now.strftime('%Y-%m-%d') and now.hour >= 5:
       ^^^^^^^^^^^^^^^^^^^^
AttributeError: 'LiveTraderV4' object has no attribute 'last_reset_date'


=== CAUGHT EXCEPTION IN RUN() ===
2026-01-01 17:35:30
Traceback (most recent call last):
  File "/home/jetpackjules/live_trader_v4.py", line 936, in run
    if self.last_reset_date != now.strftime('%Y-%m-%d') and now.hour >= 5:
       ^^^^^^^^^^^^^^^^^^^^
AttributeError: 'LiveTraderV4' object has no attribute 'last_reset_date'


=== UNHANDLED EXCEPTION ===
2026-01-01 17:35:30
Traceback (most recent call last):
  File "/home/jetpackjules/live_trader_v4.py", line 988, in <module>
    trader.run()
  File "/home/jetpackjules/live_trader_v4.py", line 936, in run
    if self.last_reset_date != now.strftime('%Y-%m-%d') and now.hour >= 5:
       ^^^^^^^^^^^^^^^^^^^^
AttributeError: 'LiveTraderV4' object has no attribute 'last_reset_date'


=== CAUGHT EXCEPTION IN RUN() ===
2026-01-01 17:35:36
Traceback (most recent call last):
  File "/home/jetpackjules/live_trader_v4.py", line 936, in run
    if self.last_reset_date != now.strftime('%Y-%m-%d') and now.hour >= 5:
       ^^^^^^^^^^^^^^^^^^^^
AttributeError: 'LiveTraderV4' object has no attribute 'last_reset_date'


=== UNHANDLED EXCEPTION ===
2026-01-01 17:35:36
Traceback (most recent call last):
  File "/home/jetpackjules/live_trader_v4.py", line 988, in <module>
    trader.run()
  File "/home/jetpackjules/live_trader_v4.py", line 936, in run
    if self.last_reset_date != now.strftime('%Y-%m-%d') and now.hour >= 5:
       ^^^^^^^^^^^^^^^^^^^^
AttributeError: 'LiveTraderV4' object has no attribute 'last_reset_date'


=== CAUGHT EXCEPTION IN RUN() ===
2026-01-01 17:35:42
Traceback (most recent call last):
  File "/home/jetpackjules/live_trader_v4.py", line 936, in run
    if self.last_reset_date != now.strftime('%Y-%m-%d') and now.hour >= 5:
       ^^^^^^^^^^^^^^^^^^^^
AttributeError: 'LiveTraderV4' object has no attribute 'last_reset_date'


=== UNHANDLED EXCEPTION ===
2026-01-01 17:35:42
Traceback (most recent call last):
  File "/home/jetpackjules/live_trader_v4.py", line 988, in <module>
    trader.run()
  File "/home/jetpackjules/live_trader_v4.py", line 936, in run
    if self.last_reset_date != now.strftime('%Y-%m-%d') and now.hour >= 5:
       ^^^^^^^^^^^^^^^^^^^^
AttributeError: 'LiveTraderV4' object has no attribute 'last_reset_date'
