Traceback (most recent call last):
  File "<frozen runpy>", line 198, in _run_module_as_main
  File "<frozen runpy>", line 88, in _run_code
  File "C:\Users\jetpa\OneDrive - UW\Google_Grav_Onedrive\kalshi_weather_data\unified_engine\runner.py", line 252, in <module>
    raise SystemExit(main())
                     ^^^^^^
  File "C:\Users\jetpa\OneDrive - UW\Google_Grav_Onedrive\kalshi_weather_data\unified_engine\runner.py", line 150, in main
    strategy = _load_strategy(args.strategy)
               ^^^^^^^^^^^^^^^^^^^^^^^^^^^^^
  File "C:\Users\jetpa\OneDrive - UW\Google_Grav_Onedrive\kalshi_weather_data\unified_engine\runner.py", line 24, in _load_strategy
    mod = importlib.import_module(module)
          ^^^^^^^^^^^^^^^^^^^^^^^^^^^^^^^
  File "C:\Python312\Lib\importlib\__init__.py", line 90, in import_module
    return _bootstrap._gcd_import(name[level:], package, level)
           ^^^^^^^^^^^^^^^^^^^^^^^^^^^^^^^^^^^^^^^^^^^^^^^^^^^^
  File "<frozen importlib._bootstrap>", line 1387, in _gcd_import
  File "<frozen importlib._bootstrap>", line 1360, in _find_and_load
  File "<frozen importlib._bootstrap>", line 1331, in _find_and_load_unlocked
  File "<frozen importlib._bootstrap>", line 935, in _load_unlocked
  File "<frozen importlib._bootstrap_external>", line 995, in exec_module
  File "<frozen importlib._bootstrap>", line 488, in _call_with_frames_removed
  File "C:\Users\jetpa\OneDrive - UW\Google_Grav_Onedrive\kalshi_weather_data\backtesting\strategies\v3_variants.py", line 3, in <module>
    from backtesting.engine import RegimeSwitcher
ImportError: cannot import name 'RegimeSwitcher' from 'backtesting.engine' (C:\Users\jetpa\OneDrive - UW\Google_Grav_Onedrive\kalshi_weather_data\backtesting\engine.py)
Time Range: 2026-01-08 23:13:06 -> 2026-01-10 10:31:41.553295
Traceback (most recent call last):
  File "C:\Users\jetpa\OneDrive - UW\Google_Grav_Onedrive\kalshi_weather_data\tools\generate_live_vs_backtest_graph.py", line 1191, in <module>
    raise SystemExit(main())
                     ^^^^^^
  File "C:\Users\jetpa\OneDrive - UW\Google_Grav_Onedrive\kalshi_weather_data\tools\generate_live_vs_backtest_graph.py", line 991, in main
    subprocess.run(cmd, check=True)
  File "C:\Python312\Lib\subprocess.py", line 571, in run
    raise CalledProcessError(retcode, process.args,
subprocess.CalledProcessError: Command '['C:\\Python312\\python.exe', '-m', 'unified_engine.runner', '--strategy', 'backtesting.strategies.v3_variants:hb_notional_010', '--log-dir', 'vm_logs\\market_logs', '--snapshot', 'vm_logs\\snapshots\\snapshot_2026-01-08_231306.json', '--min-requote-interval', '2.0', '--start-ts', '2026-01-08 23:13:06', '--end-ts', '2026-01-10 10:31:41.553295', '--out-dir', 'unified_engine_out_debug']' returned non-zero exit status 1.
