127.0.0.1 - - [18/Aug/2025 00:07:50] "GET /markets?date=2025-08-12 HTTP/1.1" 200 -
127.0.0.1 - - [18/Aug/2025 00:07:57] "GET /markets?date=2025-08-12 HTTP/1.1" 200 -
127.0.0.1 - - [18/Aug/2025 00:07:57] code 404, message Not Found
127.0.0.1 - - [18/Aug/2025 00:07:57] "GET /markets/KXHIGHNY-25AUG12-T93 HTTP/1.1" 404 -
127.0.0.1 - - [18/Aug/2025 00:07:58] code 404, message Not Found
127.0.0.1 - - [18/Aug/2025 00:07:58] "GET /markets/KXHIGHNY-25AUG12-T86 HTTP/1.1" 404 -
127.0.0.1 - - [18/Aug/2025 00:07:58] code 404, message Not Found
127.0.0.1 - - [18/Aug/2025 00:07:58] "GET /markets/KXHIGHNY-25AUG12-B92.5 HTTP/1.1" 404 -
127.0.0.1 - - [18/Aug/2025 00:07:58] code 404, message Not Found
127.0.0.1 - - [18/Aug/2025 00:07:58] "GET /markets/KXHIGHNY-25AUG12-B90.5 HTTP/1.1" 404 -
127.0.0.1 - - [18/Aug/2025 00:07:58] code 404, message Not Found
127.0.0.1 - - [18/Aug/2025 00:07:58] "GET /markets/KXHIGHNY-25AUG12-B88.5 HTTP/1.1" 404 -
127.0.0.1 - - [18/Aug/2025 00:07:58] code 404, message Not Found
127.0.0.1 - - [18/Aug/2025 00:07:58] "GET /markets/KXHIGHNY-25AUG12-B86.5 HTTP/1.1" 404 -
127.0.0.1 - - [18/Aug/2025 00:11:21] code 404, message Not Found
127.0.0.1 - - [18/Aug/2025 00:11:21] "GET /kalshi_market_viewer_with_trading_algo.html HTTP/1.1" 404 -
127.0.0.1 - - [18/Aug/2025 00:11:21] code 404, message Not Found
127.0.0.1 - - [18/Aug/2025 00:11:21] "GET /.well-known/appspecific/com.chrome.devtools.json HTTP/1.1" 404 -
127.0.0.1 - - [18/Aug/2025 00:11:21] code 404, message Not Found
127.0.0.1 - - [18/Aug/2025 00:11:21] "GET /favicon.ico HTTP/1.1" 404 -
127.0.0.1 - - [18/Aug/2025 00:11:34] "GET /markets?date=2025-08-12 HTTP/1.1" 200 -
127.0.0.1 - - [18/Aug/2025 00:11:34] code 404, message Not Found
127.0.0.1 - - [18/Aug/2025 00:11:34] "GET /markets/KXHIGHNY-25AUG12-T93 HTTP/1.1" 404 -
127.0.0.1 - - [18/Aug/2025 00:11:40] "GET /markets?date=2025-08-12 HTTP/1.1" 200 -
127.0.0.1 - - [18/Aug/2025 00:11:40] code 404, message Not Found
127.0.0.1 - - [18/Aug/2025 00:11:40] "GET /markets/KXHIGHNY-25AUG12-T86 HTTP/1.1" 404 -
🚀 Kalshi Daily API server running on http://localhost:8082
📊 Example: http://localhost:8082/markets?date=2025-08-12
Fetching Kalshi markets for 2025-08-12...
Fetching all KXHIGHNY markets...
Looking for markets with date: 25AUG12
Found 6 markets for 2025-08-12
Fetching history for KXHIGHNY-25AUG12-T93...
  -> Got 0 data points from get_market_history_cached
  -> Trying trades fallback for KXHIGHNY-25AUG12-T93...
  -> Resolved KXHIGHNY-25AUG12-T93 to UUID: 4e296551-14a5-4bda-a5ee-246ece06c77f
  -> Got 7 trades from elections v1
  -> Converted to 7 price points
Fetching history for KXHIGHNY-25AUG12-T86...
  -> Got 0 data points from get_market_history_cached
  -> Trying trades fallback for KXHIGHNY-25AUG12-T86...
  -> Resolved KXHIGHNY-25AUG12-T86 to UUID: 52a7c761-924a-47ba-bef0-1183bb1bf348
  -> Got 11 trades from elections v1
  -> Converted to 11 price points
Fetching history for KXHIGHNY-25AUG12-B92.5...
  -> Got 0 data points from get_market_history_cached
  -> Trying trades fallback for KXHIGHNY-25AUG12-B92.5...
  -> Resolved KXHIGHNY-25AUG12-B92.5 to UUID: 9862641b-4150-4650-b52d-1e3101b55f78
  -> Got 100 trades from elections v1
  -> Converted to 100 price points
Fetching history for KXHIGHNY-25AUG12-B90.5...
  -> Got 0 data points from get_market_history_cached
  -> Trying trades fallback for KXHIGHNY-25AUG12-B90.5...
  -> Resolved KXHIGHNY-25AUG12-B90.5 to UUID: ebdbcf12-3337-4997-bfd0-d6ef2f9826cc
  -> Got 100 trades from elections v1
  -> Converted to 100 price points
Fetching history for KXHIGHNY-25AUG12-B88.5...
  -> Got 0 data points from get_market_history_cached
  -> Trying trades fallback for KXHIGHNY-25AUG12-B88.5...
  -> Resolved KXHIGHNY-25AUG12-B88.5 to UUID: 04775de5-5a33-4782-a6f9-814dca313a1a
  -> Got 100 trades from elections v1
  -> Converted to 100 price points
Fetching history for KXHIGHNY-25AUG12-B86.5...
  -> Got 0 data points from get_market_history_cached
  -> Trying trades fallback for KXHIGHNY-25AUG12-B86.5...
  -> Resolved KXHIGHNY-25AUG12-B86.5 to UUID: 21fdb85c-91c9-45ea-aacb-025c13fcc728
  -> Got 79 trades from elections v1
  -> Converted to 79 price points
Fetching Kalshi markets for 2025-08-12...
Fetching all KXHIGHNY markets...
Looking for markets with date: 25AUG12
Found 6 markets for 2025-08-12
Fetching history for KXHIGHNY-25AUG12-T93...
  -> Got 0 data points from get_market_history_cached
  -> Trying trades fallback for KXHIGHNY-25AUG12-T93...
  -> Resolved KXHIGHNY-25AUG12-T93 to UUID: 4e296551-14a5-4bda-a5ee-246ece06c77f
  -> Got 7 trades from elections v1
  -> Converted to 7 price points
Fetching history for KXHIGHNY-25AUG12-T86...
  -> Got 0 data points from get_market_history_cached
  -> Trying trades fallback for KXHIGHNY-25AUG12-T86...
  -> Resolved KXHIGHNY-25AUG12-T86 to UUID: 52a7c761-924a-47ba-bef0-1183bb1bf348
  -> Got 11 trades from elections v1
  -> Converted to 11 price points
Fetching history for KXHIGHNY-25AUG12-B92.5...
  -> Got 0 data points from get_market_history_cached
  -> Trying trades fallback for KXHIGHNY-25AUG12-B92.5...
  -> Resolved KXHIGHNY-25AUG12-B92.5 to UUID: 9862641b-4150-4650-b52d-1e3101b55f78
  -> Got 100 trades from elections v1
  -> Converted to 100 price points
Fetching history for KXHIGHNY-25AUG12-B90.5...
  -> Got 0 data points from get_market_history_cached
  -> Trying trades fallback for KXHIGHNY-25AUG12-B90.5...
  -> Resolved KXHIGHNY-25AUG12-B90.5 to UUID: ebdbcf12-3337-4997-bfd0-d6ef2f9826cc
  -> Got 100 trades from elections v1
  -> Converted to 100 price points
Fetching history for KXHIGHNY-25AUG12-B88.5...
  -> Got 0 data points from get_market_history_cached
  -> Trying trades fallback for KXHIGHNY-25AUG12-B88.5...
  -> Resolved KXHIGHNY-25AUG12-B88.5 to UUID: 04775de5-5a33-4782-a6f9-814dca313a1a
  -> Got 100 trades from elections v1
  -> Converted to 100 price points
Fetching history for KXHIGHNY-25AUG12-B86.5...
  -> Got 0 data points from get_market_history_cached
  -> Trying trades fallback for KXHIGHNY-25AUG12-B86.5...
  -> Resolved KXHIGHNY-25AUG12-B86.5 to UUID: 21fdb85c-91c9-45ea-aacb-025c13fcc728
  -> Got 79 trades from elections v1
  -> Converted to 79 price points
Fetching Kalshi markets for 2025-08-12...
Fetching all KXHIGHNY markets...
Looking for markets with date: 25AUG12
Found 6 markets for 2025-08-12
Fetching history for KXHIGHNY-25AUG12-T93...
  -> Got 0 data points from get_market_history_cached
  -> Trying trades fallback for KXHIGHNY-25AUG12-T93...
  -> Resolved KXHIGHNY-25AUG12-T93 to UUID: 4e296551-14a5-4bda-a5ee-246ece06c77f
  -> Got 7 trades from elections v1
  -> Converted to 7 price points
Fetching history for KXHIGHNY-25AUG12-T86...
  -> Got 0 data points from get_market_history_cached
  -> Trying trades fallback for KXHIGHNY-25AUG12-T86...
  -> Resolved KXHIGHNY-25AUG12-T86 to UUID: 52a7c761-924a-47ba-bef0-1183bb1bf348
  -> Got 11 trades from elections v1
  -> Converted to 11 price points
Fetching history for KXHIGHNY-25AUG12-B92.5...
  -> Got 0 data points from get_market_history_cached
  -> Trying trades fallback for KXHIGHNY-25AUG12-B92.5...
  -> Resolved KXHIGHNY-25AUG12-B92.5 to UUID: 9862641b-4150-4650-b52d-1e3101b55f78
  -> Got 100 trades from elections v1
  -> Converted to 100 price points
Fetching history for KXHIGHNY-25AUG12-B90.5...
  -> Got 0 data points from get_market_history_cached
  -> Trying trades fallback for KXHIGHNY-25AUG12-B90.5...
  -> Resolved KXHIGHNY-25AUG12-B90.5 to UUID: ebdbcf12-3337-4997-bfd0-d6ef2f9826cc
  -> Got 100 trades from elections v1
  -> Converted to 100 price points
Fetching history for KXHIGHNY-25AUG12-B88.5...
  -> Got 0 data points from get_market_history_cached
  -> Trying trades fallback for KXHIGHNY-25AUG12-B88.5...
  -> Resolved KXHIGHNY-25AUG12-B88.5 to UUID: 04775de5-5a33-4782-a6f9-814dca313a1a
  -> Got 100 trades from elections v1
  -> Converted to 100 price points
Fetching history for KXHIGHNY-25AUG12-B86.5...
  -> Got 0 data points from get_market_history_cached
  -> Trying trades fallback for KXHIGHNY-25AUG12-B86.5...
  -> Resolved KXHIGHNY-25AUG12-B86.5 to UUID: 21fdb85c-91c9-45ea-aacb-025c13fcc728
  -> Got 79 trades from elections v1
  -> Converted to 79 price points
Fetching Kalshi markets for 2025-08-12...
Fetching all KXHIGHNY markets...
Looking for markets with date: 25AUG12
Found 6 markets for 2025-08-12
Fetching history for KXHIGHNY-25AUG12-T93...
  -> Got 0 data points from get_market_history_cached
  -> Trying trades fallback for KXHIGHNY-25AUG12-T93...
  -> Resolved KXHIGHNY-25AUG12-T93 to UUID: 4e296551-14a5-4bda-a5ee-246ece06c77f
  -> Got 7 trades from elections v1
  -> Converted to 7 price points
Fetching history for KXHIGHNY-25AUG12-T86...
  -> Got 0 data points from get_market_history_cached
  -> Trying trades fallback for KXHIGHNY-25AUG12-T86...
  -> Resolved KXHIGHNY-25AUG12-T86 to UUID: 52a7c761-924a-47ba-bef0-1183bb1bf348
  -> Got 11 trades from elections v1
  -> Converted to 11 price points
Fetching history for KXHIGHNY-25AUG12-B92.5...
  -> Got 0 data points from get_market_history_cached
  -> Trying trades fallback for KXHIGHNY-25AUG12-B92.5...
  -> Resolved KXHIGHNY-25AUG12-B92.5 to UUID: 9862641b-4150-4650-b52d-1e3101b55f78
  -> Got 100 trades from elections v1
  -> Converted to 100 price points
Fetching history for KXHIGHNY-25AUG12-B90.5...
  -> Got 0 data points from get_market_history_cached
  -> Trying trades fallback for KXHIGHNY-25AUG12-B90.5...
  -> Resolved KXHIGHNY-25AUG12-B90.5 to UUID: ebdbcf12-3337-4997-bfd0-d6ef2f9826cc
  -> Got 100 trades from elections v1
  -> Converted to 100 price points
Fetching history for KXHIGHNY-25AUG12-B88.5...
  -> Got 0 data points from get_market_history_cached
  -> Trying trades fallback for KXHIGHNY-25AUG12-B88.5...
  -> Resolved KXHIGHNY-25AUG12-B88.5 to UUID: 04775de5-5a33-4782-a6f9-814dca313a1a
  -> Got 100 trades from elections v1
  -> Converted to 100 price points
Fetching history for KXHIGHNY-25AUG12-B86.5...
  -> Got 0 data points from get_market_history_cached
  -> Trying trades fallback for KXHIGHNY-25AUG12-B86.5...
  -> Resolved KXHIGHNY-25AUG12-B86.5 to UUID: 21fdb85c-91c9-45ea-aacb-025c13fcc728
  -> Got 79 trades from elections v1
  -> Converted to 79 price points
127.0.0.1 - - [18/Aug/2025 00:11:49] "GET /markets?date=2025-08-12 HTTP/1.1" 200 -
127.0.0.1 - - [18/Aug/2025 00:11:49] code 404, message Not Found
127.0.0.1 - - [18/Aug/2025 00:11:49] "GET /markets/KXHIGHNY-25AUG12-B92.5 HTTP/1.1" 404 -
127.0.0.1 - - [18/Aug/2025 00:11:49] code 404, message Not Found
127.0.0.1 - - [18/Aug/2025 00:11:49] "GET /favicon.ico HTTP/1.1" 404 -
127.0.0.1 - - [18/Aug/2025 00:11:49] code 404, message Not Found
127.0.0.1 - - [18/Aug/2025 00:11:49] "GET /markets/KXHIGHNY-25AUG12-T93 HTTP/1.1" 404 -
127.0.0.1 - - [18/Aug/2025 00:11:49] code 404, message Not Found
127.0.0.1 - - [18/Aug/2025 00:11:49] "GET /markets/KXHIGHNY-25AUG12-B90.5 HTTP/1.1" 404 -
127.0.0.1 - - [18/Aug/2025 00:11:49] code 404, message Not Found
127.0.0.1 - - [18/Aug/2025 00:11:49] "GET /markets/KXHIGHNY-25AUG12-T86 HTTP/1.1" 404 -
127.0.0.1 - - [18/Aug/2025 00:11:49] code 404, message Not Found
127.0.0.1 - - [18/Aug/2025 00:11:49] "GET /markets/KXHIGHNY-25AUG12-B88.5 HTTP/1.1" 404 -
127.0.0.1 - - [18/Aug/2025 00:11:49] code 404, message Not Found
127.0.0.1 - - [18/Aug/2025 00:11:49] "GET /markets/KXHIGHNY-25AUG12-B92.5 HTTP/1.1" 404 -
127.0.0.1 - - [18/Aug/2025 00:11:50] code 404, message Not Found
127.0.0.1 - - [18/Aug/2025 00:11:50] "GET /markets/KXHIGHNY-25AUG12-B86.5 HTTP/1.1" 404 -
127.0.0.1 - - [18/Aug/2025 00:11:50] code 404, message Not Found
127.0.0.1 - - [18/Aug/2025 00:11:50] "GET /markets/KXHIGHNY-25AUG12-B90.5 HTTP/1.1" 404 -
127.0.0.1 - - [18/Aug/2025 00:11:50] code 404, message Not Found
127.0.0.1 - - [18/Aug/2025 00:11:50] "GET /markets/KXHIGHNY-25AUG12-B88.5 HTTP/1.1" 404 -
127.0.0.1 - - [18/Aug/2025 00:11:50] code 404, message Not Found
127.0.0.1 - - [18/Aug/2025 00:11:50] "GET /markets/KXHIGHNY-25AUG12-B86.5 HTTP/1.1" 404 -
127.0.0.1 - - [18/Aug/2025 00:16:18] "GET /markets?date=2025-08-12 HTTP/1.1" 200 -
127.0.0.1 - - [18/Aug/2025 00:16:18] code 404, message Not Found
127.0.0.1 - - [18/Aug/2025 00:16:18] "GET /markets/KXHIGHNY-25AUG12-T93 HTTP/1.1" 404 -
127.0.0.1 - - [18/Aug/2025 00:16:18] code 404, message Not Found
127.0.0.1 - - [18/Aug/2025 00:16:18] "GET /markets/KXHIGHNY-25AUG12-T86 HTTP/1.1" 404 -
127.0.0.1 - - [18/Aug/2025 00:16:18] code 404, message Not Found
127.0.0.1 - - [18/Aug/2025 00:16:18] "GET /markets/KXHIGHNY-25AUG12-B92.5 HTTP/1.1" 404 -
127.0.0.1 - - [18/Aug/2025 00:16:18] code 404, message Not Found
127.0.0.1 - - [18/Aug/2025 00:16:18] "GET /markets/KXHIGHNY-25AUG12-B90.5 HTTP/1.1" 404 -
127.0.0.1 - - [18/Aug/2025 00:16:19] code 404, message Not Found
127.0.0.1 - - [18/Aug/2025 00:16:19] "GET /markets/KXHIGHNY-25AUG12-B88.5 HTTP/1.1" 404 -
127.0.0.1 - - [18/Aug/2025 00:16:19] code 404, message Not Found
127.0.0.1 - - [18/Aug/2025 00:16:19] "GET /markets/KXHIGHNY-25AUG12-B86.5 HTTP/1.1" 404 -
127.0.0.1 - - [18/Aug/2025 00:17:37] "GET /markets?date=2025-08-12 HTTP/1.1" 200 -
127.0.0.1 - - [18/Aug/2025 00:18:49] "GET /markets?date=2025-08-12 HTTP/1.1" 200 -
Fetching Kalshi markets for 2025-08-12...
Fetching all KXHIGHNY markets...
Looking for markets with date: 25AUG12
Found 6 markets for 2025-08-12
Fetching history for KXHIGHNY-25AUG12-T93...
  -> Got 0 data points from get_market_history_cached
  -> Trying trades fallback for KXHIGHNY-25AUG12-T93...
  -> Resolved KXHIGHNY-25AUG12-T93 to UUID: 4e296551-14a5-4bda-a5ee-246ece06c77f
  -> Got 7 trades from elections v1
  -> Converted to 7 price points
Fetching history for KXHIGHNY-25AUG12-T86...
  -> Got 0 data points from get_market_history_cached
  -> Trying trades fallback for KXHIGHNY-25AUG12-T86...
  -> Resolved KXHIGHNY-25AUG12-T86 to UUID: 52a7c761-924a-47ba-bef0-1183bb1bf348
  -> Got 11 trades from elections v1
  -> Converted to 11 price points
Fetching history for KXHIGHNY-25AUG12-B92.5...
  -> Got 0 data points from get_market_history_cached
  -> Trying trades fallback for KXHIGHNY-25AUG12-B92.5...
  -> Resolved KXHIGHNY-25AUG12-B92.5 to UUID: 9862641b-4150-4650-b52d-1e3101b55f78
  -> Got 100 trades from elections v1
  -> Converted to 100 price points
Fetching history for KXHIGHNY-25AUG12-B90.5...
  -> Got 0 data points from get_market_history_cached
  -> Trying trades fallback for KXHIGHNY-25AUG12-B90.5...
  -> Resolved KXHIGHNY-25AUG12-B90.5 to UUID: ebdbcf12-3337-4997-bfd0-d6ef2f9826cc
  -> Got 100 trades from elections v1
  -> Converted to 100 price points
Fetching history for KXHIGHNY-25AUG12-B88.5...
  -> Got 0 data points from get_market_history_cached
  -> Trying trades fallback for KXHIGHNY-25AUG12-B88.5...
  -> Resolved KXHIGHNY-25AUG12-B88.5 to UUID: 04775de5-5a33-4782-a6f9-814dca313a1a
  -> Got 100 trades from elections v1
  -> Converted to 100 price points
Fetching history for KXHIGHNY-25AUG12-B86.5...
  -> Got 0 data points from get_market_history_cached
  -> Trying trades fallback for KXHIGHNY-25AUG12-B86.5...
  -> Resolved KXHIGHNY-25AUG12-B86.5 to UUID: 21fdb85c-91c9-45ea-aacb-025c13fcc728
  -> Got 79 trades from elections v1
  -> Converted to 79 price points
Fetching Kalshi markets for 2025-08-12...
Fetching all KXHIGHNY markets...
Looking for markets with date: 25AUG12
Found 6 markets for 2025-08-12
Fetching history for KXHIGHNY-25AUG12-T93...
  -> Got 0 data points from get_market_history_cached
  -> Trying trades fallback for KXHIGHNY-25AUG12-T93...
  -> Resolved KXHIGHNY-25AUG12-T93 to UUID: 4e296551-14a5-4bda-a5ee-246ece06c77f
  -> Got 7 trades from elections v1
  -> Converted to 7 price points
Fetching history for KXHIGHNY-25AUG12-T86...
  -> Got 0 data points from get_market_history_cached
  -> Trying trades fallback for KXHIGHNY-25AUG12-T86...
  -> Resolved KXHIGHNY-25AUG12-T86 to UUID: 52a7c761-924a-47ba-bef0-1183bb1bf348
  -> Got 11 trades from elections v1
  -> Converted to 11 price points
Fetching history for KXHIGHNY-25AUG12-B92.5...
  -> Got 0 data points from get_market_history_cached
  -> Trying trades fallback for KXHIGHNY-25AUG12-B92.5...
  -> Resolved KXHIGHNY-25AUG12-B92.5 to UUID: 9862641b-4150-4650-b52d-1e3101b55f78
  -> Got 100 trades from elections v1
  -> Converted to 100 price points
Fetching history for KXHIGHNY-25AUG12-B90.5...
  -> Got 0 data points from get_market_history_cached
  -> Trying trades fallback for KXHIGHNY-25AUG12-B90.5...
  -> Resolved KXHIGHNY-25AUG12-B90.5 to UUID: ebdbcf12-3337-4997-bfd0-d6ef2f9826cc
  -> Got 100 trades from elections v1
  -> Converted to 100 price points
Fetching history for KXHIGHNY-25AUG12-B88.5...
  -> Got 0 data points from get_market_history_cached
  -> Trying trades fallback for KXHIGHNY-25AUG12-B88.5...
  -> Resolved KXHIGHNY-25AUG12-B88.5 to UUID: 04775de5-5a33-4782-a6f9-814dca313a1a
  -> Got 100 trades from elections v1
  -> Converted to 100 price points
Fetching history for KXHIGHNY-25AUG12-B86.5...
  -> Got 0 data points from get_market_history_cached
  -> Trying trades fallback for KXHIGHNY-25AUG12-B86.5...
  -> Resolved KXHIGHNY-25AUG12-B86.5 to UUID: 21fdb85c-91c9-45ea-aacb-025c13fcc728
  -> Got 79 trades from elections v1
  -> Converted to 79 price points
Fetching Kalshi markets for 2025-08-12...
Fetching all KXHIGHNY markets...
Looking for markets with date: 25AUG12
Found 6 markets for 2025-08-12
Fetching history for KXHIGHNY-25AUG12-T93...
  -> Got 0 data points from get_market_history_cached
  -> Trying trades fallback for KXHIGHNY-25AUG12-T93...
  -> Resolved KXHIGHNY-25AUG12-T93 to UUID: 4e296551-14a5-4bda-a5ee-246ece06c77f
  -> Got 7 trades from elections v1
  -> Converted to 7 price points
Fetching history for KXHIGHNY-25AUG12-T86...
  -> Got 0 data points from get_market_history_cached
  -> Trying trades fallback for KXHIGHNY-25AUG12-T86...
  -> Resolved KXHIGHNY-25AUG12-T86 to UUID: 52a7c761-924a-47ba-bef0-1183bb1bf348
  -> Got 11 trades from elections v1
  -> Converted to 11 price points
Fetching history for KXHIGHNY-25AUG12-B92.5...
  -> Got 0 data points from get_market_history_cached
  -> Trying trades fallback for KXHIGHNY-25AUG12-B92.5...
  -> Resolved KXHIGHNY-25AUG12-B92.5 to UUID: 9862641b-4150-4650-b52d-1e3101b55f78
  -> Got 100 trades from elections v1
  -> Converted to 100 price points
Fetching history for KXHIGHNY-25AUG12-B90.5...
  -> Got 0 data points from get_market_history_cached
  -> Trying trades fallback for KXHIGHNY-25AUG12-B90.5...
  -> Resolved KXHIGHNY-25AUG12-B90.5 to UUID: ebdbcf12-3337-4997-bfd0-d6ef2f9826cc
  -> Got 100 trades from elections v1
  -> Converted to 100 price points
Fetching history for KXHIGHNY-25AUG12-B88.5...
  -> Got 0 data points from get_market_history_cached
  -> Trying trades fallback for KXHIGHNY-25AUG12-B88.5...
  -> Resolved KXHIGHNY-25AUG12-B88.5 to UUID: 04775de5-5a33-4782-a6f9-814dca313a1a
  -> Got 100 trades from elections v1
  -> Converted to 100 price points
Fetching history for KXHIGHNY-25AUG12-B86.5...
  -> Got 0 data points from get_market_history_cached
  -> Trying trades fallback for KXHIGHNY-25AUG12-B86.5...
  -> Resolved KXHIGHNY-25AUG12-B86.5 to UUID: 21fdb85c-91c9-45ea-aacb-025c13fcc728
  -> Got 79 trades from elections v1
  -> Converted to 79 price points
Fetching Kalshi markets for 2025-08-12...
Fetching all KXHIGHNY markets...
Looking for markets with date: 25AUG12
Found 6 markets for 2025-08-12
Fetching history for KXHIGHNY-25AUG12-T93...
  -> Got 0 data points from get_market_history_cached
  -> Trying trades fallback for KXHIGHNY-25AUG12-T93...
  -> Resolved KXHIGHNY-25AUG12-T93 to UUID: 4e296551-14a5-4bda-a5ee-246ece06c77f
  -> Got 7 trades from elections v1
  -> Converted to 7 price points
Fetching history for KXHIGHNY-25AUG12-T86...
  -> Got 0 data points from get_market_history_cached
  -> Trying trades fallback for KXHIGHNY-25AUG12-T86...
  -> Resolved KXHIGHNY-25AUG12-T86 to UUID: 52a7c761-924a-47ba-bef0-1183bb1bf348
  -> Got 11 trades from elections v1
  -> Converted to 11 price points
Fetching history for KXHIGHNY-25AUG12-B92.5...
  -> Got 0 data points from get_market_history_cached
  -> Trying trades fallback for KXHIGHNY-25AUG12-B92.5...
  -> Resolved KXHIGHNY-25AUG12-B92.5 to UUID: 9862641b-4150-4650-b52d-1e3101b55f78
  -> Got 100 trades from elections v1
  -> Converted to 100 price points
Fetching history for KXHIGHNY-25AUG12-B90.5...
  -> Got 0 data points from get_market_history_cached
  -> Trying trades fallback for KXHIGHNY-25AUG12-B90.5...
  -> Resolved KXHIGHNY-25AUG12-B90.5 to UUID: ebdbcf12-3337-4997-bfd0-d6ef2f9826cc
  -> Got 100 trades from elections v1
  -> Converted to 100 price points
Fetching history for KXHIGHNY-25AUG12-B88.5...
  -> Got 0 data points from get_market_history_cached
  -> Trying trades fallback for KXHIGHNY-25AUG12-B88.5...
  -> Resolved KXHIGHNY-25AUG12-B88.5 to UUID: 04775de5-5a33-4782-a6f9-814dca313a1a
  -> Got 100 trades from elections v1
  -> Converted to 100 price points
Fetching history for KXHIGHNY-25AUG12-B86.5...
  -> Got 0 data points from get_market_history_cached
  -> Trying trades fallback for KXHIGHNY-25AUG12-B86.5...
  -> Resolved KXHIGHNY-25AUG12-B86.5 to UUID: 21fdb85c-91c9-45ea-aacb-025c13fcc728
  -> Got 79 trades from elections v1
  -> Converted to 79 price points
Fetching Kalshi markets for 2025-07-31...
Fetching all KXHIGHNY markets...
Looking for markets with date: 25JUL31
127.0.0.1 - - [18/Aug/2025 00:20:33] "GET /markets?date=2025-07-31 HTTP/1.1" 200 -
127.0.0.1 - - [18/Aug/2025 00:25:21] "GET /markets?date=2025-08-10 HTTP/1.1" 200 -
127.0.0.1 - - [18/Aug/2025 00:26:17] "GET /markets?date=2025-08-05 HTTP/1.1" 200 -
127.0.0.1 - - [18/Aug/2025 00:26:25] "GET /markets?date=2025-08-05 HTTP/1.1" 200 -
Found 6 markets for 2025-07-31
Fetching history for KXHIGHNY-25JUL31-T89...
  -> Got 0 data points from get_market_history_cached
  -> Trying trades fallback for KXHIGHNY-25JUL31-T89...
  -> Resolved KXHIGHNY-25JUL31-T89 to UUID: 1037d7d8-486b-4a14-adc7-89229d85412e
  -> Got 100 trades from elections v1
  -> Converted to 100 price points
Fetching history for KXHIGHNY-25JUL31-T82...
  -> Got 0 data points from get_market_history_cached
  -> Trying trades fallback for KXHIGHNY-25JUL31-T82...
  -> Resolved KXHIGHNY-25JUL31-T82 to UUID: 6f592012-255b-455a-ae5d-310bd7b79a82
  -> Got 100 trades from elections v1
  -> Converted to 100 price points
Fetching history for KXHIGHNY-25JUL31-B88.5...
  -> Got 0 data points from get_market_history_cached
  -> Trying trades fallback for KXHIGHNY-25JUL31-B88.5...
  -> Resolved KXHIGHNY-25JUL31-B88.5 to UUID: 034fdf49-3e88-4dd4-a5cd-37d4012f4a68
  -> Got 100 trades from elections v1
  -> Converted to 100 price points
Fetching history for KXHIGHNY-25JUL31-B86.5...
  -> Got 0 data points from get_market_history_cached
  -> Trying trades fallback for KXHIGHNY-25JUL31-B86.5...
  -> Resolved KXHIGHNY-25JUL31-B86.5 to UUID: e0b8f13e-9788-43f6-a411-3ccc7eaa14d0
  -> Got 100 trades from elections v1
  -> Converted to 100 price points
Fetching history for KXHIGHNY-25JUL31-B84.5...
  -> Got 0 data points from get_market_history_cached
  -> Trying trades fallback for KXHIGHNY-25JUL31-B84.5...
  -> Resolved KXHIGHNY-25JUL31-B84.5 to UUID: 30787389-4dc6-4b42-be5c-4f5475daee46
  -> Got 100 trades from elections v1
  -> Converted to 100 price points
Fetching history for KXHIGHNY-25JUL31-B82.5...
  -> Got 0 data points from get_market_history_cached
  -> Trying trades fallback for KXHIGHNY-25JUL31-B82.5...
  -> Resolved KXHIGHNY-25JUL31-B82.5 to UUID: fc84e8cc-c0c6-4bdb-95a3-bb419df37407
  -> Got 100 trades from elections v1
  -> Converted to 100 price points
Fetching Kalshi markets for 2025-08-10...
Fetching all KXHIGHNY markets...
Looking for markets with date: 25AUG10
Found 6 markets for 2025-08-10
Fetching history for KXHIGHNY-25AUG10-T92...
  -> Got 0 data points from get_market_history_cached
  -> Trying trades fallback for KXHIGHNY-25AUG10-T92...
  -> Resolved KXHIGHNY-25AUG10-T92 to UUID: 6791a740-b60d-405f-8bf5-b3cf63f27cd1
  -> Got 3 trades from elections v1
  -> Converted to 3 price points
Fetching history for KXHIGHNY-25AUG10-T85...
  -> Got 0 data points from get_market_history_cached
  -> Trying trades fallback for KXHIGHNY-25AUG10-T85...
  -> Resolved KXHIGHNY-25AUG10-T85 to UUID: 064585e6-7d5b-42d6-b942-1539d398c61b
  -> Got 17 trades from elections v1
  -> Converted to 17 price points
Fetching history for KXHIGHNY-25AUG10-B91.5...
  -> Got 0 data points from get_market_history_cached
  -> Trying trades fallback for KXHIGHNY-25AUG10-B91.5...
  -> Resolved KXHIGHNY-25AUG10-B91.5 to UUID: 562bd32c-acc3-46d5-b3fa-b04108d2821c
  -> Got 100 trades from elections v1
  -> Converted to 100 price points
Fetching history for KXHIGHNY-25AUG10-B89.5...
  -> Got 0 data points from get_market_history_cached
  -> Trying trades fallback for KXHIGHNY-25AUG10-B89.5...
  -> Resolved KXHIGHNY-25AUG10-B89.5 to UUID: 32f00f63-fe9c-43d6-a609-43d038daeaca
  -> Got 100 trades from elections v1
  -> Converted to 100 price points
Fetching history for KXHIGHNY-25AUG10-B87.5...
  -> Got 0 data points from get_market_history_cached
  -> Trying trades fallback for KXHIGHNY-25AUG10-B87.5...
  -> Resolved KXHIGHNY-25AUG10-B87.5 to UUID: 0b916719-1b56-4121-b95a-ef86adc02b46
  -> Got 100 trades from elections v1
  -> Converted to 100 price points
Fetching history for KXHIGHNY-25AUG10-B85.5...
  -> Got 0 data points from get_market_history_cached
  -> Trying trades fallback for KXHIGHNY-25AUG10-B85.5...
  -> Resolved KXHIGHNY-25AUG10-B85.5 to UUID: ee18b2c1-3e25-4e24-b983-832017aeaf82
  -> Got 100 trades from elections v1
  -> Converted to 100 price points
Fetching Kalshi markets for 2025-08-05...
Fetching all KXHIGHNY markets...
Looking for markets with date: 25AUG05
Found 6 markets for 2025-08-05
Fetching history for KXHIGHNY-25AUG05-T92...
  -> Got 0 data points from get_market_history_cached
  -> Trying trades fallback for KXHIGHNY-25AUG05-T92...
  -> Resolved KXHIGHNY-25AUG05-T92 to UUID: 980f70c9-a699-4e49-9e85-fca8e7fc0d86
  -> Got 0 trades from elections v1
  -> Converted to 0 price points
  -> No data points for KXHIGHNY-25AUG05-T92
Fetching history for KXHIGHNY-25AUG05-B91.5...
  -> Got 0 data points from get_market_history_cached
  -> Trying trades fallback for KXHIGHNY-25AUG05-B91.5...
  -> Resolved KXHIGHNY-25AUG05-B91.5 to UUID: 628ba147-ddaa-446c-a1db-d64eadfbe5d6
  -> Got 0 trades from elections v1
  -> Converted to 0 price points
  -> No data points for KXHIGHNY-25AUG05-B91.5
Fetching history for KXHIGHNY-25AUG05-B89.5...
  -> Got 0 data points from get_market_history_cached
  -> Trying trades fallback for KXHIGHNY-25AUG05-B89.5...
  -> Resolved KXHIGHNY-25AUG05-B89.5 to UUID: f9d40836-0fbd-46ee-8ec7-627775dd0e5f
  -> Got 84 trades from elections v1
  -> Converted to 84 price points
Fetching history for KXHIGHNY-25AUG05-B87.5...
  -> Got 0 data points from get_market_history_cached
  -> Trying trades fallback for KXHIGHNY-25AUG05-B87.5...
  -> Resolved KXHIGHNY-25AUG05-B87.5 to UUID: efa3bd71-4353-478c-a896-972862af2703
  -> Got 100 trades from elections v1
  -> Converted to 100 price points
Fetching history for KXHIGHNY-25AUG05-B85.5...
  -> Got 0 data points from get_market_history_cached
  -> Trying trades fallback for KXHIGHNY-25AUG05-B85.5...
  -> Resolved KXHIGHNY-25AUG05-B85.5 to UUID: 4cd9b508-6600-458f-96e4-25eaeba2dc47
  -> Got 100 trades from elections v1
  -> Converted to 100 price points
Fetching history for KXHIGHNY-25AUG05-T85...
  -> Got 0 data points from get_market_history_cached
  -> Trying trades fallback for KXHIGHNY-25AUG05-T85...
  -> Resolved KXHIGHNY-25AUG05-T85 to UUID: d1d4057c-be23-4c5d-887b-58e93e4f3715
  -> Got 100 trades from elections v1
  -> Converted to 100 price points
Fetching Kalshi markets for 2025-08-05...
Fetching all KXHIGHNY markets...
Looking for markets with date: 25AUG05
Found 6 markets for 2025-08-05
Fetching history for KXHIGHNY-25AUG05-T92...
  -> Got 0 data points from get_market_history_cached
  -> Trying trades fallback for KXHIGHNY-25AUG05-T92...
  -> Resolved KXHIGHNY-25AUG05-T92 to UUID: 980f70c9-a699-4e49-9e85-fca8e7fc0d86
  -> Got 0 trades from elections v1
  -> Converted to 0 price points
  -> No data points for KXHIGHNY-25AUG05-T92
Fetching history for KXHIGHNY-25AUG05-B91.5...
  -> Got 0 data points from get_market_history_cached
  -> Trying trades fallback for KXHIGHNY-25AUG05-B91.5...
  -> Resolved KXHIGHNY-25AUG05-B91.5 to UUID: 628ba147-ddaa-446c-a1db-d64eadfbe5d6
  -> Got 0 trades from elections v1
  -> Converted to 0 price points
  -> No data points for KXHIGHNY-25AUG05-B91.5
Fetching history for KXHIGHNY-25AUG05-B89.5...
  -> Got 0 data points from get_market_history_cached
  -> Trying trades fallback for KXHIGHNY-25AUG05-B89.5...
  -> Resolved KXHIGHNY-25AUG05-B89.5 to UUID: f9d40836-0fbd-46ee-8ec7-627775dd0e5f
  -> Got 84 trades from elections v1
  -> Converted to 84 price points
Fetching history for KXHIGHNY-25AUG05-B87.5...
  -> Got 0 data points from get_market_history_cached
  -> Trying trades fallback for KXHIGHNY-25AUG05-B87.5...
  -> Resolved KXHIGHNY-25AUG05-B87.5 to UUID: efa3bd71-4353-478c-a896-972862af2703
  -> Got 100 trades from elections v1
  -> Converted to 100 price points
Fetching history for KXHIGHNY-25AUG05-B85.5...
  -> Got 0 data points from get_market_history_cached
  -> Trying trades fallback for KXHIGHNY-25AUG05-B85.5...
  -> Resolved KXHIGHNY-25AUG05-B85.5 to UUID: 4cd9b508-6600-458f-96e4-25eaeba2dc47
  -> Got 100 trades from elections v1
  -> Converted to 100 price points
Fetching history for KXHIGHNY-25AUG05-T85...
  -> Got 0 data points from get_market_history_cached
  -> Trying trades fallback for KXHIGHNY-25AUG05-T85...
  -> Resolved KXHIGHNY-25AUG05-T85 to UUID: d1d4057c-be23-4c5d-887b-58e93e4f3715
  -> Got 100 trades from elections v1
  -> Converted to 100 price points
Fetching Kalshi markets for 2025-08-05...
127.0.0.1 - - [18/Aug/2025 00:26:33] "GET /markets?date=2025-08-05 HTTP/1.1" 200 -
127.0.0.1 - - [18/Aug/2025 00:28:18] "GET /markets?date=2025-08-05 HTTP/1.1" 200 -
127.0.0.1 - - [18/Aug/2025 00:37:17] "GET /markets?date=2025-08-05 HTTP/1.1" 200 -
Fetching all KXHIGHNY markets...
Looking for markets with date: 25AUG05
Found 6 markets for 2025-08-05
Fetching history for KXHIGHNY-25AUG05-T92...
  -> Got 0 data points from get_market_history_cached
  -> Trying trades fallback for KXHIGHNY-25AUG05-T92...
  -> Resolved KXHIGHNY-25AUG05-T92 to UUID: 980f70c9-a699-4e49-9e85-fca8e7fc0d86
  -> Got 0 trades from elections v1
  -> Converted to 0 price points
  -> No data points for KXHIGHNY-25AUG05-T92
Fetching history for KXHIGHNY-25AUG05-B91.5...
  -> Got 0 data points from get_market_history_cached
  -> Trying trades fallback for KXHIGHNY-25AUG05-B91.5...
  -> Resolved KXHIGHNY-25AUG05-B91.5 to UUID: 628ba147-ddaa-446c-a1db-d64eadfbe5d6
  -> Got 0 trades from elections v1
  -> Converted to 0 price points
  -> No data points for KXHIGHNY-25AUG05-B91.5
Fetching history for KXHIGHNY-25AUG05-B89.5...
  -> Got 0 data points from get_market_history_cached
  -> Trying trades fallback for KXHIGHNY-25AUG05-B89.5...
  -> Resolved KXHIGHNY-25AUG05-B89.5 to UUID: f9d40836-0fbd-46ee-8ec7-627775dd0e5f
  -> Got 84 trades from elections v1
  -> Converted to 84 price points
Fetching history for KXHIGHNY-25AUG05-B87.5...
  -> Got 0 data points from get_market_history_cached
  -> Trying trades fallback for KXHIGHNY-25AUG05-B87.5...
  -> Resolved KXHIGHNY-25AUG05-B87.5 to UUID: efa3bd71-4353-478c-a896-972862af2703
  -> Got 100 trades from elections v1
  -> Converted to 100 price points
Fetching history for KXHIGHNY-25AUG05-B85.5...
  -> Got 0 data points from get_market_history_cached
  -> Trying trades fallback for KXHIGHNY-25AUG05-B85.5...
  -> Resolved KXHIGHNY-25AUG05-B85.5 to UUID: 4cd9b508-6600-458f-96e4-25eaeba2dc47
  -> Got 100 trades from elections v1
  -> Converted to 100 price points
Fetching history for KXHIGHNY-25AUG05-T85...
  -> Got 0 data points from get_market_history_cached
  -> Trying trades fallback for KXHIGHNY-25AUG05-T85...
  -> Resolved KXHIGHNY-25AUG05-T85 to UUID: d1d4057c-be23-4c5d-887b-58e93e4f3715
  -> Got 100 trades from elections v1
  -> Converted to 100 price points
Fetching Kalshi markets for 2025-08-05...
Fetching all KXHIGHNY markets...
Looking for markets with date: 25AUG05
Found 6 markets for 2025-08-05
Fetching history for KXHIGHNY-25AUG05-T92...
  -> Got 0 data points from get_market_history_cached
  -> Trying trades fallback for KXHIGHNY-25AUG05-T92...
  -> Resolved KXHIGHNY-25AUG05-T92 to UUID: 980f70c9-a699-4e49-9e85-fca8e7fc0d86
  -> Got 0 trades from elections v1
  -> Converted to 0 price points
  -> No data points for KXHIGHNY-25AUG05-T92
Fetching history for KXHIGHNY-25AUG05-B91.5...
  -> Got 0 data points from get_market_history_cached
  -> Trying trades fallback for KXHIGHNY-25AUG05-B91.5...
  -> Resolved KXHIGHNY-25AUG05-B91.5 to UUID: 628ba147-ddaa-446c-a1db-d64eadfbe5d6
  -> Got 0 trades from elections v1
  -> Converted to 0 price points
  -> No data points for KXHIGHNY-25AUG05-B91.5
Fetching history for KXHIGHNY-25AUG05-B89.5...
  -> Got 0 data points from get_market_history_cached
  -> Trying trades fallback for KXHIGHNY-25AUG05-B89.5...
  -> Resolved KXHIGHNY-25AUG05-B89.5 to UUID: f9d40836-0fbd-46ee-8ec7-627775dd0e5f
  -> Got 84 trades from elections v1
  -> Converted to 84 price points
Fetching history for KXHIGHNY-25AUG05-B87.5...
  -> Got 0 data points from get_market_history_cached
  -> Trying trades fallback for KXHIGHNY-25AUG05-B87.5...
  -> Resolved KXHIGHNY-25AUG05-B87.5 to UUID: efa3bd71-4353-478c-a896-972862af2703
  -> Got 100 trades from elections v1
  -> Converted to 100 price points
Fetching history for KXHIGHNY-25AUG05-B85.5...
  -> Got 0 data points from get_market_history_cached
  -> Trying trades fallback for KXHIGHNY-25AUG05-B85.5...
  -> Resolved KXHIGHNY-25AUG05-B85.5 to UUID: 4cd9b508-6600-458f-96e4-25eaeba2dc47
  -> Got 100 trades from elections v1
  -> Converted to 100 price points
Fetching history for KXHIGHNY-25AUG05-T85...
  -> Got 0 data points from get_market_history_cached
  -> Trying trades fallback for KXHIGHNY-25AUG05-T85...
  -> Resolved KXHIGHNY-25AUG05-T85 to UUID: d1d4057c-be23-4c5d-887b-58e93e4f3715
  -> Got 100 trades from elections v1
  -> Converted to 100 price points
Fetching Kalshi markets for 2025-08-05...
Fetching all KXHIGHNY markets...
Looking for markets with date: 25AUG05
Found 6 markets for 2025-08-05
Fetching history for KXHIGHNY-25AUG05-T92...
  -> Got 0 data points from get_market_history_cached
  -> Trying trades fallback for KXHIGHNY-25AUG05-T92...
  -> Resolved KXHIGHNY-25AUG05-T92 to UUID: 980f70c9-a699-4e49-9e85-fca8e7fc0d86
  -> Got 0 trades from elections v1
  -> Converted to 0 price points
  -> No data points for KXHIGHNY-25AUG05-T92
Fetching history for KXHIGHNY-25AUG05-B91.5...
  -> Got 0 data points from get_market_history_cached
  -> Trying trades fallback for KXHIGHNY-25AUG05-B91.5...
  -> Resolved KXHIGHNY-25AUG05-B91.5 to UUID: 628ba147-ddaa-446c-a1db-d64eadfbe5d6
  -> Got 0 trades from elections v1
  -> Converted to 0 price points
  -> No data points for KXHIGHNY-25AUG05-B91.5
Fetching history for KXHIGHNY-25AUG05-B89.5...
  -> Got 0 data points from get_market_history_cached
  -> Trying trades fallback for KXHIGHNY-25AUG05-B89.5...
  -> Resolved KXHIGHNY-25AUG05-B89.5 to UUID: f9d40836-0fbd-46ee-8ec7-627775dd0e5f
  -> Got 84 trades from elections v1
  -> Converted to 84 price points
Fetching history for KXHIGHNY-25AUG05-B87.5...
  -> Got 0 data points from get_market_history_cached
  -> Trying trades fallback for KXHIGHNY-25AUG05-B87.5...
  -> Resolved KXHIGHNY-25AUG05-B87.5 to UUID: efa3bd71-4353-478c-a896-972862af2703
  -> Got 100 trades from elections v1
  -> Converted to 100 price points
Fetching history for KXHIGHNY-25AUG05-B85.5...
  -> Got 0 data points from get_market_history_cached
  -> Trying trades fallback for KXHIGHNY-25AUG05-B85.5...
  -> Resolved KXHIGHNY-25AUG05-B85.5 to UUID: 4cd9b508-6600-458f-96e4-25eaeba2dc47
  -> Got 100 trades from elections v1
  -> Converted to 100 price points
Fetching history for KXHIGHNY-25AUG05-T85...
  -> Got 0 data points from get_market_history_cached
  -> Trying trades fallback for KXHIGHNY-25AUG05-T85...
  -> Resolved KXHIGHNY-25AUG05-T85 to UUID: d1d4057c-be23-4c5d-887b-58e93e4f3715
  -> Got 100 trades from elections v1
  -> Converted to 100 price points
Fetching Kalshi markets for 2025-08-05...
Fetching all KXHIGHNY markets...
Looking for markets with date: 25AUG05
Found 6 markets for 2025-08-05
Fetching history for KXHIGHNY-25AUG05-T92...
  -> Got 0 data points from get_market_history_cached
  -> Trying trades fallback for KXHIGHNY-25AUG05-T92...
  -> Resolved KXHIGHNY-25AUG05-T92 to UUID: 980f70c9-a699-4e49-9e85-fca8e7fc0d86
  -> Got 0 trades from elections v1
  -> Converted to 0 price points
  -> No data points for KXHIGHNY-25AUG05-T92
Fetching history for KXHIGHNY-25AUG05-B91.5...
  -> Got 0 data points from get_market_history_cached
  -> Trying trades fallback for KXHIGHNY-25AUG05-B91.5...
  -> Resolved KXHIGHNY-25AUG05-B91.5 to UUID: 628ba147-ddaa-446c-a1db-d64eadfbe5d6
  -> Got 0 trades from elections v1
  -> Converted to 0 price points
  -> No data points for KXHIGHNY-25AUG05-B91.5
Fetching history for KXHIGHNY-25AUG05-B89.5...
  -> Got 0 data points from get_market_history_cached
  -> Trying trades fallback for KXHIGHNY-25AUG05-B89.5...
  -> Resolved KXHIGHNY-25AUG05-B89.5 to UUID: f9d40836-0fbd-46ee-8ec7-627775dd0e5f
  -> Got 84 trades from elections v1
  -> Converted to 84 price points
Fetching history for KXHIGHNY-25AUG05-B87.5...
  -> Got 0 data points from get_market_history_cached
  -> Trying trades fallback for KXHIGHNY-25AUG05-B87.5...
  -> Resolved KXHIGHNY-25AUG05-B87.5 to UUID: efa3bd71-4353-478c-a896-972862af2703
  -> Got 100 trades from elections v1
  -> Converted to 100 price points
Fetching history for KXHIGHNY-25AUG05-B85.5...
  -> Got 0 data points from get_market_history_cached
  -> Trying trades fallback for KXHIGHNY-25AUG05-B85.5...
  -> Resolved KXHIGHNY-25AUG05-B85.5 to UUID: 4cd9b508-6600-458f-96e4-25eaeba2dc47
  -> Got 100 trades from elections v1
  -> Converted to 100 price points
Fetching history for KXHIGHNY-25AUG05-T85...
  -> Got 0 data points from get_market_history_cached
127.0.0.1 - - [18/Aug/2025 00:38:21] "GET /markets?date=2025-08-05 HTTP/1.1" 200 -
127.0.0.1 - - [18/Aug/2025 00:39:56] "GET /markets?date=2025-08-05 HTTP/1.1" 200 -
127.0.0.1 - - [18/Aug/2025 00:41:11] "GET /markets?date=2025-08-05 HTTP/1.1" 200 -
127.0.0.1 - - [18/Aug/2025 00:42:16] "GET /markets?date=2025-08-05 HTTP/1.1" 200 -
